[debug] [2021-06-29T09:17:10.436Z] ----------------------------------------------------------------------
[debug] [2021-06-29T09:17:10.438Z] Command:       C:\Program Files\nodejs\node.exe C:\Users\esteb\AppData\Roaming\npm\node_modules\firebase-tools\lib\bin\firebase.js serve --only hosting
[debug] [2021-06-29T09:17:10.438Z] CLI Version:   9.12.1
[debug] [2021-06-29T09:17:10.438Z] Platform:      win32
[debug] [2021-06-29T09:17:10.439Z] Node Version:  v15.0.1
[debug] [2021-06-29T09:17:10.440Z] Time:          Tue Jun 29 2021 19:17:10 GMT+1000 (Australian Eastern Standard Time)
[debug] [2021-06-29T09:17:10.440Z] ----------------------------------------------------------------------
[debug] 
[debug] [2021-06-29T09:17:10.449Z] > command requires scopes: ["email","openid","https://www.googleapis.com/auth/cloudplatformprojects.readonly","https://www.googleapis.com/auth/firebase","https://www.googleapis.com/auth/cloud-platform"]
[debug] [2021-06-29T09:17:10.449Z] > authorizing via signed-in user (ramirez.systems@gmail.com)
[debug] [2021-06-29T09:17:10.450Z] [iam] checking project decms-6dc54 for permissions ["firebase.projects.get"]
[debug] [2021-06-29T09:17:10.452Z] > refreshing access token with scopes: ["email","https://www.googleapis.com/auth/cloud-platform","https://www.googleapis.com/auth/cloudplatformprojects.readonly","https://www.googleapis.com/auth/firebase","openid"]
[debug] [2021-06-29T09:17:10.452Z] >>> HTTP REQUEST POST https://www.googleapis.com/oauth2/v3/token  
 <request body omitted>
[debug] [2021-06-29T09:17:10.751Z] <<< HTTP RESPONSE 200 {"cache-control":"no-cache, no-store, max-age=0, must-revalidate","expires":"Mon, 01 Jan 1990 00:00:00 GMT","date":"Tue, 29 Jun 2021 09:17:11 GMT","pragma":"no-cache","content-type":"application/json; charset=utf-8","vary":"X-Origin, Referer, Origin,Accept-Encoding","server":"scaffolding on HTTPServer2","x-xss-protection":"0","x-frame-options":"SAMEORIGIN","x-content-type-options":"nosniff","alt-svc":"h3=\":443\"; ma=2592000,h3-29=\":443\"; ma=2592000,h3-T051=\":443\"; ma=2592000,h3-Q050=\":443\"; ma=2592000,h3-Q046=\":443\"; ma=2592000,h3-Q043=\":443\"; ma=2592000,quic=\":443\"; ma=2592000; v=\"46,43\"","accept-ranges":"none","transfer-encoding":"chunked"}
[debug] [2021-06-29T09:17:10.980Z] >>> HTTP REQUEST POST https://cloudresourcemanager.googleapis.com/v1/projects/decms-6dc54:testIamPermissions  
 {"permissions":["firebase.projects.get"]}
[debug] [2021-06-29T09:17:11.334Z] <<< HTTP RESPONSE 200 {"content-type":"application/json; charset=UTF-8","vary":"X-Origin, Referer, Origin,Accept-Encoding","date":"Tue, 29 Jun 2021 09:17:11 GMT","server":"ESF","cache-control":"private","x-xss-protection":"0","x-frame-options":"SAMEORIGIN","x-content-type-options":"nosniff","server-timing":"gfet4t7; dur=210","alt-svc":"h3=\":443\"; ma=2592000,h3-29=\":443\"; ma=2592000,h3-T051=\":443\"; ma=2592000,h3-Q050=\":443\"; ma=2592000,h3-Q046=\":443\"; ma=2592000,h3-Q043=\":443\"; ma=2592000,quic=\":443\"; ma=2592000; v=\"46,43\"","accept-ranges":"none","transfer-encoding":"chunked"}
[debug] [2021-06-29T09:17:11.336Z] > refreshing access token with scopes: []
[debug] [2021-06-29T09:17:11.336Z] >>> HTTP REQUEST POST https://www.googleapis.com/oauth2/v3/token  
 <request body omitted>
[debug] [2021-06-29T09:17:11.651Z] <<< HTTP RESPONSE 200 {"pragma":"no-cache","cache-control":"no-cache, no-store, max-age=0, must-revalidate","expires":"Mon, 01 Jan 1990 00:00:00 GMT","date":"Tue, 29 Jun 2021 09:17:12 GMT","content-type":"application/json; charset=utf-8","vary":"X-Origin, Referer, Origin,Accept-Encoding","server":"scaffolding on HTTPServer2","x-xss-protection":"0","x-frame-options":"SAMEORIGIN","x-content-type-options":"nosniff","alt-svc":"h3=\":443\"; ma=2592000,h3-29=\":443\"; ma=2592000,h3-T051=\":443\"; ma=2592000,h3-Q050=\":443\"; ma=2592000,h3-Q046=\":443\"; ma=2592000,h3-Q043=\":443\"; ma=2592000,quic=\":443\"; ma=2592000; v=\"46,43\"","accept-ranges":"none","transfer-encoding":"chunked"}
[debug] [2021-06-29T09:17:11.716Z] >>> [apiv2][query] GET https://firebase.googleapis.com/v1beta1/projects/decms-6dc54 [none]
[debug] [2021-06-29T09:17:12.207Z] <<< [apiv2][status] GET https://firebase.googleapis.com/v1beta1/projects/decms-6dc54 200
[debug] [2021-06-29T09:17:12.208Z] <<< [apiv2][body] GET https://firebase.googleapis.com/v1beta1/projects/decms-6dc54 {"projectId":"decms-6dc54","projectNumber":"10811797150","displayName":"deCMS","name":"projects/decms-6dc54","resources":{"hostingSite":"decms-6dc54","storageBucket":"decms-6dc54.appspot.com","locationId":"australia-southeast1"},"state":"ACTIVE"}
[debug] [2021-06-29T09:17:12.209Z] >>> [apiv2][query] GET https://firebasehosting.googleapis.com/v1beta1/projects/decms-6dc54/sites 
[debug] [2021-06-29T09:17:13.560Z] <<< [apiv2][status] GET https://firebasehosting.googleapis.com/v1beta1/projects/decms-6dc54/sites 200
[debug] [2021-06-29T09:17:13.561Z] <<< [apiv2][body] GET https://firebasehosting.googleapis.com/v1beta1/projects/decms-6dc54/sites {"sites":[{"name":"projects/10811797150/sites/decms-6dc54","defaultUrl":"https://decms-6dc54.web.app","appId":"1:10811797150:web:d540c6384aafc172c7958f","type":"DEFAULT_SITE"}]}
[debug] [2021-06-29T09:17:13.561Z] >>> [apiv2][query] GET https://firebase.googleapis.com/v1beta1/projects/decms-6dc54/webApps/1:10811797150:web:d540c6384aafc172c7958f/config [none]
[debug] [2021-06-29T09:17:14.955Z] <<< [apiv2][status] GET https://firebase.googleapis.com/v1beta1/projects/decms-6dc54/webApps/1:10811797150:web:d540c6384aafc172c7958f/config 200
[debug] [2021-06-29T09:17:14.956Z] <<< [apiv2][body] GET https://firebase.googleapis.com/v1beta1/projects/decms-6dc54/webApps/1:10811797150:web:d540c6384aafc172c7958f/config {"projectId":"decms-6dc54","appId":"1:10811797150:web:d540c6384aafc172c7958f","storageBucket":"decms-6dc54.appspot.com","locationId":"australia-southeast1","apiKey":"AIzaSyCV7u9aVb1nIw9omNozictRFLjPd1kL8sc","authDomain":"decms-6dc54.firebaseapp.com","messagingSenderId":"10811797150"}
[warn] !  hosting: Port 5000 is not available. Trying another port... {"metadata":{"emulator":{"name":"hosting"},"message":"\u001b[33mhosting: \u001b[39mPort 5000 is not available. Trying another port..."}}
[info] i  hosting: Serving hosting files from: public {"metadata":{"emulator":{"name":"hosting"},"message":"Serving hosting files from: \u001b[1mpublic\u001b[22m"}}
[info] +  hosting: Local server: http://localhost:5005 {"metadata":{"emulator":{"name":"hosting"},"message":"Local server: \u001b[4m\u001b[1mhttp://localhost:5005\u001b[22m\u001b[24m"}}
